# JRE version: Java(TM) SE Runtime Environment (21.0.2+13) (build 21.0.2+13-LTS-58)
# Java VM: Java HotSpot(TM) 64-Bit Server VM (21.0.2+13-LTS-58, mixed mode, sharing, tiered, compressed oops, compressed class ptrs, g1 gc, windows-amd64)
GC Precious Log:
 CardTable entry size: 512
 Card Set container configuration: InlinePtr #cards 5 size 8 Array Of Cards #cards 12 size 40 Howl #buckets 4 coarsen threshold 1843 Howl Bitmap #cards 512 size 80 coarsen threshold 460 Card regions per heap region 1 cards per card region 2048
 CPUs: 4 total, 4 available
 Memory: 3460M
 Large Page Support: Disabled
 NUMA Support: Disabled
 Compressed Oops: Enabled (32-bit)
 Heap Region Size: 1M
 Heap Min Capacity: 8M
 Heap Initial Capacity: 56M
 Heap Max Capacity: 866M
 Pre-touch: Disabled
 Parallel Workers: 4
 Concurrent Workers: 1
 Concurrent Refinement Workers: 4
 Periodic GC: Disabled
Heap:
 garbage-first heap   total 179200K, used 155697K [0x00000000c9e00000, 0x0000000100000000)
  region size 1024K, 15 young (15360K), 3 survivors (3072K)
 Metaspace       used 20939K, committed 21312K, reserved 1114112K
  class space    used 3126K, committed 3328K, reserved 1048576K
GC Heap History (10 events):
Event: 1.142 GC heap before
{Heap before GC invocations=0 (full 0):
 garbage-first heap   total 57344K, used 13312K [0x00000000c9e00000, 0x0000000100000000)
  region size 1024K, 13 young (13312K), 0 survivors (0K)
 Metaspace       used 1470K, committed 1600K, reserved 1114112K
  class space    used 124K, committed 192K, reserved 1048576K
}
Event: 1.152 GC heap after
{Heap after GC invocations=1 (full 0):
 garbage-first heap   total 57344K, used 1552K [0x00000000c9e00000, 0x0000000100000000)
  region size 1024K, 2 young (2048K), 2 survivors (2048K)
 Metaspace       used 1470K, committed 1600K, reserved 1114112K
  class space    used 124K, committed 192K, reserved 1048576K
}
Event: 2.881 GC heap before
{Heap before GC invocations=1 (full 0):
 garbage-first heap   total 57344K, used 25104K [0x00000000c9e00000, 0x0000000100000000)
  region size 1024K, 26 young (26624K), 2 survivors (2048K)
 Metaspace       used 7945K, committed 8128K, reserved 1114112K
  class space    used 976K, committed 1088K, reserved 1048576K
}
Event: 2.888 GC heap after
{Heap after GC invocations=2 (full 0):
 garbage-first heap   total 57344K, used 5093K [0x00000000c9e00000, 0x0000000100000000)
  region size 1024K, 4 young (4096K), 4 survivors (4096K)
 Metaspace       used 7945K, committed 8128K, reserved 1114112K
  class space    used 976K, committed 1088K, reserved 1048576K
}
Event: 6.619 GC heap before
{Heap before GC invocations=2 (full 0):
 garbage-first heap   total 57344K, used 44005K [0x00000000c9e00000, 0x0000000100000000)
  region size 1024K, 33 young (33792K), 4 survivors (4096K)
 Metaspace       used 13924K, committed 14272K, reserved 1114112K
  class space    used 1883K, committed 2048K, reserved 1048576K
}
Event: 6.630 GC heap after
{Heap after GC invocations=3 (full 0):
 garbage-first heap   total 57344K, used 19224K [0x00000000c9e00000, 0x0000000100000000)
  region size 1024K, 4 young (4096K), 4 survivors (4096K)
 Metaspace       used 13924K, committed 14272K, reserved 1114112K
  class space    used 1883K, committed 2048K, reserved 1048576K
}
Event: 12.941 GC heap before
{Heap before GC invocations=3 (full 0):
 garbage-first heap   total 57344K, used 40728K [0x00000000c9e00000, 0x0000000100000000)
  region size 1024K, 19 young (19456K), 4 survivors (4096K)
 Metaspace       used 16540K, committed 16832K, reserved 1114112K
  class space    used 2427K, committed 2560K, reserved 1048576K
}
Event: 12.953 GC heap after
{Heap after GC invocations=4 (full 0):
 garbage-first heap   total 57344K, used 28563K [0x00000000c9e00000, 0x0000000100000000)
  region size 1024K, 2 young (2048K), 2 survivors (2048K)
 Metaspace       used 16540K, committed 16832K, reserved 1114112K
  class space    used 2427K, committed 2560K, reserved 1048576K
}
Event: 18.814 GC heap before
{Heap before GC invocations=5 (full 0):
 garbage-first heap   total 176128K, used 174995K [0x00000000c9e00000, 0x0000000100000000)
  region size 1024K, 15 young (15360K), 2 survivors (2048K)
 Metaspace       used 18788K, committed 19136K, reserved 1114112K
  class space    used 2797K, committed 2944K, reserved 1048576K
}
Event: 18.818 GC heap after
{Heap after GC invocations=6 (full 0):
 garbage-first heap   total 179200K, used 145457K [0x00000000c9e00000, 0x0000000100000000)
  region size 1024K, 3 young (3072K), 3 survivors (3072K)
 Metaspace       used 18788K, committed 19136K, reserved 1114112K
  class space    used 2797K, committed 2944K, reserved 1048576K
}

