# JRE version: Java(TM) SE Runtime Environment (21.0.2+13) (build 21.0.2+13-LTS-58)
# Java VM: Java HotSpot(TM) 64-Bit Server VM (21.0.2+13-LTS-58, mixed mode, sharing, tiered, compressed oops, compressed class ptrs, g1 gc, windows-amd64)
GC Precious Log:
 CardTable entry size: 512
 Card Set container configuration: InlinePtr #cards 5 size 8 Array Of Cards #cards 12 size 40 Howl #buckets 4 coarsen threshold 1843 Howl Bitmap #cards 512 size 80 coarsen threshold 460 Card regions per heap region 1 cards per card region 2048
 CPUs: 4 total, 4 available
 Memory: 3460M
 Large Page Support: Disabled
 NUMA Support: Disabled
 Compressed Oops: Enabled (32-bit)
 Heap Region Size: 1M
 Heap Min Capacity: 8M
 Heap Initial Capacity: 56M
 Heap Max Capacity: 866M
 Pre-touch: Disabled
 Parallel Workers: 4
 Concurrent Workers: 1
 Concurrent Refinement Workers: 4
 Periodic GC: Disabled
Heap:
 garbage-first heap   total 240640K, used 165973K [0x00000000c9e00000, 0x0000000100000000)
  region size 1024K, 28 young (28672K), 3 survivors (3072K)
 Metaspace       used 22218K, committed 22592K, reserved 1114112K
  class space    used 3265K, committed 3456K, reserved 1048576K
GC Heap History (16 events):
Event: 0.641 GC heap before
{Heap before GC invocations=0 (full 0):
 garbage-first heap   total 57344K, used 13312K [0x00000000c9e00000, 0x0000000100000000)
  region size 1024K, 13 young (13312K), 0 survivors (0K)
 Metaspace       used 1506K, committed 1664K, reserved 1114112K
  class space    used 129K, committed 192K, reserved 1048576K
}
Event: 0.645 GC heap after
{Heap after GC invocations=1 (full 0):
 garbage-first heap   total 57344K, used 1600K [0x00000000c9e00000, 0x0000000100000000)
  region size 1024K, 2 young (2048K), 2 survivors (2048K)
 Metaspace       used 1506K, committed 1664K, reserved 1114112K
  class space    used 129K, committed 192K, reserved 1048576K
}
Event: 1.945 GC heap before
{Heap before GC invocations=1 (full 0):
 garbage-first heap   total 57344K, used 25152K [0x00000000c9e00000, 0x0000000100000000)
  region size 1024K, 26 young (26624K), 2 survivors (2048K)
 Metaspace       used 7929K, committed 8128K, reserved 1114112K
  class space    used 976K, committed 1088K, reserved 1048576K
}
Event: 1.953 GC heap after
{Heap after GC invocations=2 (full 0):
 garbage-first heap   total 57344K, used 5038K [0x00000000c9e00000, 0x0000000100000000)
  region size 1024K, 4 young (4096K), 4 survivors (4096K)
 Metaspace       used 7929K, committed 8128K, reserved 1114112K
  class space    used 976K, committed 1088K, reserved 1048576K
}
Event: 4.742 GC heap before
{Heap before GC invocations=2 (full 0):
 garbage-first heap   total 57344K, used 43950K [0x00000000c9e00000, 0x0000000100000000)
  region size 1024K, 33 young (33792K), 4 survivors (4096K)
 Metaspace       used 13887K, committed 14272K, reserved 1114112K
  class space    used 1884K, committed 2048K, reserved 1048576K
}
Event: 4.752 GC heap after
{Heap after GC invocations=3 (full 0):
 garbage-first heap   total 57344K, used 18606K [0x00000000c9e00000, 0x0000000100000000)
  region size 1024K, 4 young (4096K), 4 survivors (4096K)
 Metaspace       used 13887K, committed 14272K, reserved 1114112K
  class space    used 1884K, committed 2048K, reserved 1048576K
}
Event: 12.455 GC heap before
{Heap before GC invocations=3 (full 0):
 garbage-first heap   total 57344K, used 40110K [0x00000000c9e00000, 0x0000000100000000)
  region size 1024K, 18 young (18432K), 4 survivors (4096K)
 Metaspace       used 16559K, committed 16896K, reserved 1114112K
  class space    used 2433K, committed 2560K, reserved 1048576K
}
Event: 12.487 GC heap after
{Heap after GC invocations=4 (full 0):
 garbage-first heap   total 57344K, used 28032K [0x00000000c9e00000, 0x0000000100000000)
  region size 1024K, 2 young (2048K), 2 survivors (2048K)
 Metaspace       used 16559K, committed 16896K, reserved 1114112K
  class space    used 2433K, committed 2560K, reserved 1048576K
}
Event: 12.675 GC heap before
{Heap before GC invocations=5 (full 0):
 garbage-first heap   total 70656K, used 40320K [0x00000000c9e00000, 0x0000000100000000)
  region size 1024K, 3 young (3072K), 2 survivors (2048K)
 Metaspace       used 16571K, committed 16896K, reserved 1114112K
  class space    used 2433K, committed 2560K, reserved 1048576K
}
Event: 12.677 GC heap after
{Heap after GC invocations=6 (full 0):
 garbage-first heap   total 70656K, used 40205K [0x00000000c9e00000, 0x0000000100000000)
  region size 1024K, 2 young (2048K), 2 survivors (2048K)
 Metaspace       used 16571K, committed 16896K, reserved 1114112K
  class space    used 2433K, committed 2560K, reserved 1048576K
}
Event: 12.762 GC heap before
{Heap before GC invocations=7 (full 0):
 garbage-first heap   total 86016K, used 49421K [0x00000000c9e00000, 0x0000000100000000)
  region size 1024K, 3 young (3072K), 2 survivors (2048K)
 Metaspace       used 16571K, committed 16896K, reserved 1114112K
  class space    used 2433K, committed 2560K, reserved 1048576K
}
Event: 12.765 GC heap after
{Heap after GC invocations=8 (full 0):
 garbage-first heap   total 86016K, used 49318K [0x00000000c9e00000, 0x0000000100000000)
  region size 1024K, 2 young (2048K), 2 survivors (2048K)
 Metaspace       used 16571K, committed 16896K, reserved 1114112K
  class space    used 2433K, committed 2560K, reserved 1048576K
}
Event: 12.868 GC heap before
{Heap before GC invocations=9 (full 0):
 garbage-first heap   total 142336K, used 84134K [0x00000000c9e00000, 0x0000000100000000)
  region size 1024K, 3 young (3072K), 2 survivors (2048K)
 Metaspace       used 16571K, committed 16896K, reserved 1114112K
  class space    used 2433K, committed 2560K, reserved 1048576K
}
Event: 12.870 GC heap after
{Heap after GC invocations=10 (full 0):
 garbage-first heap   total 142336K, used 74975K [0x00000000c9e00000, 0x0000000100000000)
  region size 1024K, 2 young (2048K), 2 survivors (2048K)
 Metaspace       used 16571K, committed 16896K, reserved 1114112K
  class space    used 2433K, committed 2560K, reserved 1048576K
}
Event: 19.331 GC heap before
{Heap before GC invocations=11 (full 0):
 garbage-first heap   total 237568K, used 152799K [0x00000000c9e00000, 0x0000000100000000)
  region size 1024K, 14 young (14336K), 2 survivors (2048K)
 Metaspace       used 18665K, committed 19072K, reserved 1114112K
  class space    used 2785K, committed 2944K, reserved 1048576K
}
Event: 19.335 GC heap after
{Heap after GC invocations=12 (full 0):
 garbage-first heap   total 237568K, used 134229K [0x00000000c9e00000, 0x0000000100000000)
  region size 1024K, 3 young (3072K), 3 survivors (3072K)
 Metaspace       used 18665K, committed 19072K, reserved 1114112K
  class space    used 2785K, committed 2944K, reserved 1048576K
}

