# JRE version: Java(TM) SE Runtime Environment (21.0.2+13) (build 21.0.2+13-LTS-58)
# Java VM: Java HotSpot(TM) 64-Bit Server VM (21.0.2+13-LTS-58, mixed mode, sharing, tiered, compressed oops, compressed class ptrs, g1 gc, windows-amd64)
GC Precious Log:
 CardTable entry size: 512
 Card Set container configuration: InlinePtr #cards 5 size 8 Array Of Cards #cards 12 size 40 Howl #buckets 4 coarsen threshold 1843 Howl Bitmap #cards 512 size 80 coarsen threshold 460 Card regions per heap region 1 cards per card region 2048
 CPUs: 4 total, 4 available
 Memory: 3460M
 Large Page Support: Disabled
 NUMA Support: Disabled
 Compressed Oops: Enabled (32-bit)
 Heap Region Size: 1M
 Heap Min Capacity: 8M
 Heap Initial Capacity: 56M
 Heap Max Capacity: 866M
 Pre-touch: Disabled
 Parallel Workers: 4
 Concurrent Workers: 1
 Concurrent Refinement Workers: 4
 Periodic GC: Disabled
Heap:
 garbage-first heap   total 180224K, used 151547K [0x00000000c9e00000, 0x0000000100000000)
  region size 1024K, 12 young (12288K), 3 survivors (3072K)
 Metaspace       used 21278K, committed 21632K, reserved 1114112K
  class space    used 3151K, committed 3328K, reserved 1048576K
GC Heap History (12 events):
Event: 0.865 GC heap before
{Heap before GC invocations=0 (full 0):
 garbage-first heap   total 57344K, used 13312K [0x00000000c9e00000, 0x0000000100000000)
  region size 1024K, 13 young (13312K), 0 survivors (0K)
 Metaspace       used 1517K, committed 1664K, reserved 1114112K
  class space    used 129K, committed 192K, reserved 1048576K
}
Event: 0.869 GC heap after
{Heap after GC invocations=1 (full 0):
 garbage-first heap   total 57344K, used 1600K [0x00000000c9e00000, 0x0000000100000000)
  region size 1024K, 2 young (2048K), 2 survivors (2048K)
 Metaspace       used 1517K, committed 1664K, reserved 1114112K
  class space    used 129K, committed 192K, reserved 1048576K
}
Event: 2.153 GC heap before
{Heap before GC invocations=1 (full 0):
 garbage-first heap   total 57344K, used 25152K [0x00000000c9e00000, 0x0000000100000000)
  region size 1024K, 26 young (26624K), 2 survivors (2048K)
 Metaspace       used 7899K, committed 8128K, reserved 1114112K
  class space    used 967K, committed 1088K, reserved 1048576K
}
Event: 2.161 GC heap after
{Heap after GC invocations=2 (full 0):
 garbage-first heap   total 57344K, used 5224K [0x00000000c9e00000, 0x0000000100000000)
  region size 1024K, 4 young (4096K), 4 survivors (4096K)
 Metaspace       used 7899K, committed 8128K, reserved 1114112K
  class space    used 967K, committed 1088K, reserved 1048576K
}
Event: 4.084 GC heap before
{Heap before GC invocations=2 (full 0):
 garbage-first heap   total 57344K, used 44136K [0x00000000c9e00000, 0x0000000100000000)
  region size 1024K, 33 young (33792K), 4 survivors (4096K)
 Metaspace       used 13839K, committed 14208K, reserved 1114112K
  class space    used 1879K, committed 2048K, reserved 1048576K
}
Event: 4.095 GC heap after
{Heap after GC invocations=3 (full 0):
 garbage-first heap   total 57344K, used 18575K [0x00000000c9e00000, 0x0000000100000000)
  region size 1024K, 4 young (4096K), 4 survivors (4096K)
 Metaspace       used 13839K, committed 14208K, reserved 1114112K
  class space    used 1879K, committed 2048K, reserved 1048576K
}
Event: 17.716 GC heap before
{Heap before GC invocations=3 (full 0):
 garbage-first heap   total 57344K, used 42127K [0x00000000c9e00000, 0x0000000100000000)
  region size 1024K, 20 young (20480K), 4 survivors (4096K)
 Metaspace       used 16721K, committed 17024K, reserved 1114112K
  class space    used 2431K, committed 2560K, reserved 1048576K
}
Event: 17.749 GC heap after
{Heap after GC invocations=4 (full 0):
 garbage-first heap   total 57344K, used 28140K [0x00000000c9e00000, 0x0000000100000000)
  region size 1024K, 2 young (2048K), 2 survivors (2048K)
 Metaspace       used 16721K, committed 17024K, reserved 1114112K
  class space    used 2431K, committed 2560K, reserved 1048576K
}
Event: 17.942 GC heap before
{Heap before GC invocations=5 (full 0):
 garbage-first heap   total 70656K, used 40428K [0x00000000c9e00000, 0x0000000100000000)
  region size 1024K, 3 young (3072K), 2 survivors (2048K)
 Metaspace       used 16726K, committed 17024K, reserved 1114112K
  class space    used 2431K, committed 2560K, reserved 1048576K
}
Event: 17.945 GC heap after
{Heap after GC invocations=6 (full 0):
 garbage-first heap   total 70656K, used 40135K [0x00000000c9e00000, 0x0000000100000000)
  region size 1024K, 2 young (2048K), 2 survivors (2048K)
 Metaspace       used 16726K, committed 17024K, reserved 1114112K
  class space    used 2431K, committed 2560K, reserved 1048576K
}
Event: 21.488 GC heap before
{Heap before GC invocations=7 (full 0):
 garbage-first heap   total 180224K, used 175303K [0x00000000c9e00000, 0x0000000100000000)
  region size 1024K, 19 young (19456K), 2 survivors (2048K)
 Metaspace       used 20153K, committed 20544K, reserved 1114112K
  class space    used 2952K, committed 3136K, reserved 1048576K
}
Event: 21.494 GC heap after
{Heap after GC invocations=8 (full 0):
 garbage-first heap   total 180224K, used 143355K [0x00000000c9e00000, 0x0000000100000000)
  region size 1024K, 3 young (3072K), 3 survivors (3072K)
 Metaspace       used 20153K, committed 20544K, reserved 1114112K
  class space    used 2952K, committed 3136K, reserved 1048576K
}

